<?xml version="1.0" encoding="UTF-8"?>
<!-- Generated by org.testng.reporters.JUnitReportReporter -->
<testsuite hostname="CHANDRU" failures="0" tests="4" name="com.test_basics.ignore" time="0.010" errors="0" timestamp="2025-03-21T12:52:15 IST" skipped="2">
  <testcase classname="com.test_basics.ignore" name="z" time="0.007"/>
  <testcase classname="com.test_basics.ignore" name="a" time="0.003"/>
  <testcase classname="com.test_basics.ignore" name="f">
    <skipped/>
  </testcase> <!-- f -->
  <testcase classname="com.test_basics.ignore" name="c">
    <skipped/>
  </testcase> <!-- c -->
</testsuite> <!-- com.test_basics.ignore -->
