<?xml version="1.0" encoding="UTF-8"?>
<!-- Generated by org.testng.reporters.JUnitReportReporter -->
<testsuite hostname="CHANDRU" failures="0" tests="1" name="com.test_basics.NewTest1" time="0.006" errors="0" timestamp="2025-03-20T16:11:47 IST" skipped="0">
  <testcase classname="com.test_basics.NewTest1" name="f" time="0.006"/>
</testsuite> <!-- com.test_basics.NewTest1 -->
