<?xml version="1.0" encoding="UTF-8"?>
<!-- Generated by org.testng.reporters.JUnitReportReporter -->
<testsuite hostname="CHANDRU" failures="0" tests="1" name="com.testfind.LoginTest" time="31.371" errors="0" timestamp="2025-03-24T20:44:32 IST" skipped="0">
  <testcase classname="com.testfind.LoginTest" name="loginTest" time="31.371"/>
</testsuite> <!-- com.testfind.LoginTest -->
