<?xml version="1.0" encoding="UTF-8"?>
<!-- Generated by org.testng.reporters.JUnitReportReporter -->
<testsuite hostname="CHANDRU" failures="0" tests="3" name="com.test_basics.dependson" time="0.009" errors="0" timestamp="2025-03-21T13:05:20 IST" skipped="0">
  <testcase classname="com.test_basics.dependson" name="c" time="0.007"/>
  <testcase classname="com.test_basics.dependson" name="f" time="0.001"/>
  <testcase classname="com.test_basics.dependson" name="b" time="0.001"/>
</testsuite> <!-- com.test_basics.dependson -->
