<?xml version="1.0" encoding="UTF-8"?>
<!-- Generated by org.testng.reporters.JUnitReportReporter -->
<testsuite hostname="CHANDRU" failures="0" tests="1" name="com.test_basics.NewTest" time="5.801" errors="0" timestamp="2025-03-20T15:10:01 IST" skipped="0">
  <testcase classname="com.test_basics.NewTest" name="f" time="5.801"/>
</testsuite> <!-- com.test_basics.NewTest -->
