<?xml version="1.0" encoding="UTF-8"?>
<!-- Generated by org.testng.reporters.JUnitReportReporter -->
<testsuite hostname="CHANDRU" failures="0" tests="1" name="com.test_basics.AssertExample" time="0.018" errors="0" timestamp="2025-03-20T15:42:53 IST" skipped="0">
  <testcase classname="com.test_basics.AssertExample" name="verifyTitle" time="0.018"/>
</testsuite> <!-- com.test_basics.AssertExample -->
