<?xml version="1.0" encoding="UTF-8"?>
<!-- Generated by org.testng.reporters.JUnitReportReporter -->
<testsuite hostname="CHANDRU" failures="0" tests="1" name="com.tests.LoginTest" time="7.243" errors="0" timestamp="2025-03-24T16:15:59 IST" skipped="0">
  <testcase classname="com.tests.LoginTest" name="loginTest" time="7.243"/>
</testsuite> <!-- com.tests.LoginTest -->
