<?xml version="1.0" encoding="UTF-8"?>
<!-- Generated by org.testng.reporters.JUnitReportReporter -->
<testsuite hostname="CHANDRU" failures="0" tests="4" name="com.test_basics.NewTest1" time="0.017" errors="0" timestamp="2025-03-21T12:42:30 IST" skipped="1">
  <testcase classname="com.test_basics.NewTest1" name="c" time="0.014"/>
  <testcase classname="com.test_basics.NewTest1" name="z" time="0.001"/>
  <testcase classname="com.test_basics.NewTest1" name="a" time="0.002"/>
  <testcase classname="com.test_basics.NewTest1" name="f">
    <skipped/>
  </testcase> <!-- f -->
</testsuite> <!-- com.test_basics.NewTest1 -->
