<?xml version="1.0" encoding="UTF-8"?>
<!-- Generated by org.testng.reporters.JUnitReportReporter -->
<testsuite hostname="CHANDRU" failures="0" tests="2" name="com.test_basics.Paramenter2103" time="0.023" errors="0" timestamp="2025-03-21T15:40:47 IST" skipped="0">
  <testcase classname="com.test_basics.Paramenter2103" name="Sum2" time="0.003"/>
  <testcase classname="com.test_basics.Paramenter2103" name="Sum" time="0.020"/>
</testsuite> <!-- com.test_basics.Paramenter2103 -->
