<?xml version="1.0" encoding="UTF-8"?>
<!-- Generated by org.testng.reporters.JUnitReportReporter -->
<testsuite hostname="CHANDRU" failures="0" tests="1" name="com.test_basics.PageObject_basics2403" time="0.409" errors="0" timestamp="2025-03-24T11:29:53 IST" skipped="0">
  <testcase classname="com.test_basics.PageObject_basics2403" name="searchFor" time="0.409"/>
</testsuite> <!-- com.test_basics.PageObject_basics2403 -->
