<?xml version="1.0" encoding="UTF-8"?>
<!-- Generated by org.testng.reporters.JUnitReportReporter -->
<testsuite hostname="CHANDRU" failures="0" tests="2" name="com.test_basics.Group2103" time="0.020" errors="0" timestamp="2025-03-21T14:33:18 IST" skipped="0">
  <testcase classname="com.test_basics.Group2103" name="e" time="0.010"/>
  <testcase classname="com.test_basics.Group2103" name="d" time="0.010"/>
</testsuite> <!-- com.test_basics.Group2103 -->
