<?xml version="1.0" encoding="UTF-8"?>
<!-- Generated by org.testng.reporters.JUnitReportReporter -->
<testsuite hostname="CHANDRU" failures="0" tests="1" name="com.test_basics.NewTestTest" time="5.576" errors="0" timestamp="2025-03-20T15:36:54 IST" skipped="0">
  <testcase classname="com.test_basics.NewTestTest" name="f" time="5.576"/>
</testsuite> <!-- com.test_basics.NewTestTest -->
