<?xml version="1.0" encoding="UTF-8"?>
<!-- Generated by org.testng.reporters.JUnitReportReporter -->
<testsuite hostname="CHANDRU" failures="0" tests="1" name="com.testfind.DashboardTest" time="33.791" errors="0" timestamp="2025-03-24T20:46:46 IST" skipped="0">
  <testcase classname="com.testfind.DashboardTest" name="dashBoardTest" time="33.791"/>
</testsuite> <!-- com.testfind.DashboardTest -->
