<?xml version="1.0" encoding="UTF-8"?>
<!-- Generated by org.testng.reporters.JUnitReportReporter -->
<testsuite hostname="CHANDRU" failures="0" tests="1" name="com.test_basics.POM_basics_2403" time="2.617" errors="0" timestamp="2025-03-24T11:33:14 IST" skipped="0">
  <testcase classname="com.test_basics.POM_basics_2403" name="googleSearchTest" time="2.617"/>
</testsuite> <!-- com.test_basics.POM_basics_2403 -->
