<?xml version="1.0" encoding="UTF-8"?>
<!-- Generated by org.testng.reporters.JUnitReportReporter -->
<testsuite hostname="CHANDRU" failures="0" tests="1" name="com.test_basics.NewTestTest" time="4.263" errors="0" timestamp="2025-03-21T12:23:57 IST" skipped="0">
  <testcase classname="com.test_basics.NewTestTest" name="f" time="4.263"/>
</testsuite> <!-- com.test_basics.NewTestTest -->
